WARNING: Ignoring invalid distribution -rotobuf (/home/bhavyajeet.singh/.local/lib/python3.7/site-packages)
WARNING: Ignoring invalid distribution -rotobuf (/home/bhavyajeet.singh/.local/lib/python3.7/site-packages)
Requirement already satisfied: transformers in /home/bhavyajeet.singh/anaconda3/lib/python3.7/site-packages (4.0.1)
Collecting transformers
  Downloading transformers-4.24.0-py3-none-any.whl (5.5 MB)
     ━━━━━━━━━━━━━━━━━━━━━━━━━━━━━━━━━━━━━━━━ 5.5/5.5 MB 16.9 MB/s eta 0:00:00
Collecting huggingface-hub<1.0,>=0.10.0
  Downloading huggingface_hub-0.10.1-py3-none-any.whl (163 kB)
     ━━━━━━━━━━━━━━━━━━━━━━━━━━━━━━━━━━━━━━━ 163.5/163.5 kB 5.5 MB/s eta 0:00:00
Requirement already satisfied: packaging>=20.0 in /home/bhavyajeet.singh/anaconda3/lib/python3.7/site-packages (from transformers) (21.0)
Requirement already satisfied: pyyaml>=5.1 in /home/bhavyajeet.singh/anaconda3/lib/python3.7/site-packages (from transformers) (5.3)
Requirement already satisfied: numpy>=1.17 in /home/bhavyajeet.singh/anaconda3/lib/python3.7/site-packages (from transformers) (1.21.4)
Requirement already satisfied: regex!=2019.12.17 in /home/bhavyajeet.singh/anaconda3/lib/python3.7/site-packages (from transformers) (2021.7.1)
Requirement already satisfied: importlib-metadata in /home/bhavyajeet.singh/anaconda3/lib/python3.7/site-packages (from transformers) (4.8.2)
Requirement already satisfied: requests in /home/bhavyajeet.singh/anaconda3/lib/python3.7/site-packages (from transformers) (2.25.1)
Requirement already satisfied: tqdm>=4.27 in /home/bhavyajeet.singh/anaconda3/lib/python3.7/site-packages (from transformers) (4.61.1)
Requirement already satisfied: filelock in /home/bhavyajeet.singh/anaconda3/lib/python3.7/site-packages (from transformers) (3.0.12)
Collecting tokenizers!=0.11.3,<0.14,>=0.11.1
  Downloading tokenizers-0.13.2-cp37-cp37m-manylinux_2_17_x86_64.manylinux2014_x86_64.whl (7.6 MB)
     ━━━━━━━━━━━━━━━━━━━━━━━━━━━━━━━━━━━━━━━━ 7.6/7.6 MB 26.3 MB/s eta 0:00:00
Requirement already satisfied: typing-extensions>=3.7.4.3 in /home/bhavyajeet.singh/anaconda3/lib/python3.7/site-packages (from huggingface-hub<1.0,>=0.10.0->transformers) (4.0.1)
Requirement already satisfied: pyparsing>=2.0.2 in /home/bhavyajeet.singh/anaconda3/lib/python3.7/site-packages (from packaging>=20.0->transformers) (2.4.7)
Requirement already satisfied: zipp>=0.5 in /home/bhavyajeet.singh/anaconda3/lib/python3.7/site-packages (from importlib-metadata->transformers) (3.6.0)
Requirement already satisfied: urllib3<1.27,>=1.21.1 in /home/bhavyajeet.singh/anaconda3/lib/python3.7/site-packages (from requests->transformers) (1.26.6)
Requirement already satisfied: certifi>=2017.4.17 in /home/bhavyajeet.singh/anaconda3/lib/python3.7/site-packages (from requests->transformers) (2021.5.30)
Requirement already satisfied: chardet<5,>=3.0.2 in /home/bhavyajeet.singh/anaconda3/lib/python3.7/site-packages (from requests->transformers) (4.0.0)
Requirement already satisfied: idna<3,>=2.5 in /home/bhavyajeet.singh/anaconda3/lib/python3.7/site-packages (from requests->transformers) (2.10)
WARNING: Ignoring invalid distribution -rotobuf (/home/bhavyajeet.singh/.local/lib/python3.7/site-packages)
Installing collected packages: tokenizers, huggingface-hub, transformers
  Attempting uninstall: tokenizers
    WARNING: Ignoring invalid distribution -rotobuf (/home/bhavyajeet.singh/.local/lib/python3.7/site-packages)
    Found existing installation: tokenizers 0.9.4
    Uninstalling tokenizers-0.9.4:
      Successfully uninstalled tokenizers-0.9.4
  Attempting uninstall: huggingface-hub
    WARNING: Ignoring invalid distribution -rotobuf (/home/bhavyajeet.singh/.local/lib/python3.7/site-packages)
    Found existing installation: huggingface-hub 0.0.12
    Uninstalling huggingface-hub-0.0.12:
      Successfully uninstalled huggingface-hub-0.0.12
  Attempting uninstall: transformers
    WARNING: Ignoring invalid distribution -rotobuf (/home/bhavyajeet.singh/.local/lib/python3.7/site-packages)
    Found existing installation: transformers 4.0.1
    Uninstalling transformers-4.0.1:
      Successfully uninstalled transformers-4.0.1
Successfully installed huggingface-hub-0.10.1 tokenizers-0.13.2 transformers-4.24.0
WARNING: Ignoring invalid distribution -rotobuf (/home/bhavyajeet.singh/.local/lib/python3.7/site-packages)
WARNING: Ignoring invalid distribution -rotobuf (/home/bhavyajeet.singh/.local/lib/python3.7/site-packages)
WARNING: Ignoring invalid distribution -rotobuf (/home/bhavyajeet.singh/.local/lib/python3.7/site-packages)
COMPLIETE
